{
  "stats": {
    "suites": 1,
    "tests": 6,
    "passes": 4,
    "pending": 0,
    "failures": 2,
    "start": "2021-12-14T16:18:08.967Z",
    "end": "2021-12-14T16:24:37.435Z",
    "duration": 388468,
    "testsRegistered": 6,
    "passPercent": 66.66666666666666,
    "pendingPercent": 0,
    "other": 0,
    "hasOther": false,
    "skipped": 0,
    "hasSkipped": false
  },
  "results": [
    {
      "uuid": "4d199ef0-c8e3-437f-9cf9-892fd8106515",
      "title": "",
      "fullFile": "tests/MyJournal.spec.js",
      "file": "tests/MyJournal.spec.js",
      "beforeHooks": [],
      "afterHooks": [],
      "tests": [],
      "suites": [
        {
          "uuid": "6ed7c12a-735f-4cae-9a47-202bb5ce8693",
          "title": "SMOKE MyJournal tests",
          "fullFile": "",
          "file": "",
          "beforeHooks": [],
          "afterHooks": [],
          "tests": [
            {
              "title": "IDEAL-7 User should be able to log Breakfast meal",
              "fullTitle": "SMOKE MyJournal tests IDEAL-7 User should be able to log Breakfast meal",
              "timedOut": null,
              "duration": 90090,
              "state": "passed",
              "speed": "slow",
              "pass": true,
              "fail": false,
              "pending": false,
              "context": null,
              "code": "homePage.clickOnMyJournal();\nmyJournalPage.verifyPageElements();\nmyJournalPage.clickOnAddMeals();\nmyJournalPage.searchAndSelectFood(\"Beef Filet\");\nmyJournalPage.logFood(\"breakfast\");\nmyJournalPage.verifyTheMealIsAdded(\"Beef Filet\");",
              "err": {},
              "uuid": "9afc83cd-247d-4f32-b2f4-1baad060a7f3",
              "parentUUID": "6ed7c12a-735f-4cae-9a47-202bb5ce8693",
              "isHook": false,
              "skipped": false
            },
            {
              "title": "IDEAL-8 User should be able to see supplements details",
              "fullTitle": "SMOKE MyJournal tests IDEAL-8 User should be able to see supplements details",
              "timedOut": null,
              "duration": 21358,
              "state": "passed",
              "speed": "slow",
              "pass": true,
              "fail": false,
              "pending": false,
              "context": null,
              "code": "homePage.clickOnMyJournal();\nmyJournalPage.navigateToSupplementsSection();\nmyJournalPage.verifySupplementsSection();",
              "err": {},
              "uuid": "e8d84dfc-1dfd-4a62-a8aa-fa89872003c1",
              "parentUUID": "6ed7c12a-735f-4cae-9a47-202bb5ce8693",
              "isHook": false,
              "skipped": false
            },
            {
              "title": "IDEAL-57 User should be able to log Lunch meal",
              "fullTitle": "SMOKE MyJournal tests IDEAL-57 User should be able to log Lunch meal",
              "timedOut": null,
              "duration": 57959,
              "state": "passed",
              "speed": "slow",
              "pass": true,
              "fail": false,
              "pending": false,
              "context": null,
              "code": "homePage.clickOnMyJournal();\nmyJournalPage.clickOnAddMeals();\nmyJournalPage.searchAndSelectFood(\"Beef Filet\");\nmyJournalPage.logFood(\"lunch\", false, \"1\");\nmyJournalPage.verifyTheMealIsAdded(\"Beef Filet\", false);",
              "err": {},
              "uuid": "da1ce3b0-b65b-475a-a6a4-1fbf051889f8",
              "parentUUID": "6ed7c12a-735f-4cae-9a47-202bb5ce8693",
              "isHook": false,
              "skipped": false
            },
            {
              "title": "IDEAL-59 User should be able to log Dinner meal",
              "fullTitle": "SMOKE MyJournal tests IDEAL-59 User should be able to log Dinner meal",
              "timedOut": null,
              "duration": 59165,
              "state": "failed",
              "speed": null,
              "pass": false,
              "fail": true,
              "pending": false,
              "context": "\"C:\\\\Users\\\\User\\\\Source\\\\IdealProtein Automation repo\\\\cypress\\\\reports\\\\mochawesome-report\\\\assets/MyJournal.spec.js/SMOKE MyJournal tests -- IDEAL-59 User should be able to log Dinner meal (failed).png\"",
              "code": "homePage.clickOnMyJournal();\nmyJournalPage.clickOnAddMeals();\nmyJournalPage.searchAndSelectFood(\"Beef Filet\");\nmyJournalPage.logFood(\"dinner\");\nmyJournalPage.verifyTheMealIsAdded(\"Beef Filet\");",
              "err": {
                "message": "AssertionError: Timed out retrying after 30000ms: Expected to find element: `.macro-info > p`, but never found it.",
                "estack": "AssertionError: Timed out retrying after 30000ms: Expected to find element: `.macro-info > p`, but never found it.\n    at MyJournalPage.searchAndSelectFood (https://platform.idealprotein.com/__cypress/tests?p=tests\\MyJournal.spec.js:302:8)\n    at Context.eval (https://platform.idealprotein.com/__cypress/tests?p=tests\\MyJournal.spec.js:415:21)",
                "diff": null
              },
              "uuid": "8d2c3c71-bcde-4483-8206-6138f7544220",
              "parentUUID": "6ed7c12a-735f-4cae-9a47-202bb5ce8693",
              "isHook": false,
              "skipped": false
            },
            {
              "title": "IDEAL-58 User should be able to log Snack meal",
              "fullTitle": "SMOKE MyJournal tests IDEAL-58 User should be able to log Snack meal",
              "timedOut": null,
              "duration": 67530,
              "state": "passed",
              "speed": "slow",
              "pass": true,
              "fail": false,
              "pending": false,
              "context": null,
              "code": "homePage.clickOnMyJournal();\nmyJournalPage.clickOnAddMeals();\nmyJournalPage.searchAndSelectFood(\"Beef Filet\");\nmyJournalPage.logFood(\"snack\");\nmyJournalPage.verifyTheMealIsAdded(\"Beef Filet\");",
              "err": {},
              "uuid": "d3af759f-9520-46ae-aa9a-340af819095e",
              "parentUUID": "6ed7c12a-735f-4cae-9a47-202bb5ce8693",
              "isHook": false,
              "skipped": false
            },
            {
              "title": "IDEAL-20 User should be able to add water",
              "fullTitle": "SMOKE MyJournal tests IDEAL-20 User should be able to add water",
              "timedOut": null,
              "duration": 89721,
              "state": "failed",
              "speed": null,
              "pass": false,
              "fail": true,
              "pending": false,
              "context": "\"C:\\\\Users\\\\User\\\\Source\\\\IdealProtein Automation repo\\\\cypress\\\\reports\\\\mochawesome-report\\\\assets/MyJournal.spec.js/SMOKE MyJournal tests -- IDEAL-20 User should be able to add water (failed).png\"",
              "code": "homePage.clickOnMyJournal();\nmyJournalPage.navigateToWaterSection();\nmyJournalPage.clickOnAddWater();\nmyJournalPage.logWater(randomNumber);\nmyJournalPage.verifyTheWaterIsAdded(randomNumber);",
              "err": {
                "message": "AssertionError: Timed out retrying after 30000ms: Expected to find content: 'Successfully updated water consumption entry.' within the element: <span> but never did.",
                "estack": "AssertionError: Timed out retrying after 30000ms: Expected to find content: 'Successfully updated water consumption entry.' within the element: <span> but never did.\n    at MyJournalPage.logWater (https://platform.idealprotein.com/__cypress/tests?p=tests\\MyJournal.spec.js:325:47)\n    at Context.eval (https://platform.idealprotein.com/__cypress/tests?p=tests\\MyJournal.spec.js:430:21)",
                "diff": null
              },
              "uuid": "584a1db4-1f5e-4604-b1c2-24c6ff6100c4",
              "parentUUID": "6ed7c12a-735f-4cae-9a47-202bb5ce8693",
              "isHook": false,
              "skipped": false
            }
          ],
          "suites": [],
          "passes": [
            "9afc83cd-247d-4f32-b2f4-1baad060a7f3",
            "e8d84dfc-1dfd-4a62-a8aa-fa89872003c1",
            "da1ce3b0-b65b-475a-a6a4-1fbf051889f8",
            "d3af759f-9520-46ae-aa9a-340af819095e"
          ],
          "failures": [
            "8d2c3c71-bcde-4483-8206-6138f7544220",
            "584a1db4-1f5e-4604-b1c2-24c6ff6100c4"
          ],
          "pending": [],
          "skipped": [],
          "duration": 385823,
          "root": false,
          "rootEmpty": false,
          "_timeout": 2000
        }
      ],
      "passes": [],
      "failures": [],
      "pending": [],
      "skipped": [],
      "duration": 0,
      "root": true,
      "rootEmpty": true,
      "_timeout": 2000
    }
  ],
  "meta": {
    "mocha": {
      "version": "7.0.1"
    },
    "mochawesome": {
      "options": {
        "quiet": false,
        "reportFilename": "mochawesome",
        "saveHtml": false,
        "saveJson": true,
        "consoleReporter": "spec",
        "useInlineDiffs": false,
        "code": true
      },
      "version": "6.2.2"
    },
    "marge": {
      "options": {
        "reportDir": "cypress/reports/mochawesome-report",
        "overwrite": false,
        "html": false,
        "json": true,
        "timestamp": "mmddyyyy_HHMMss"
      },
      "version": "5.2.0"
    }
  }
}